{"/Users/matt/clones/deployable/node-deployable-config/lib/config.js":{"path":"/Users/matt/clones/deployable/node-deployable-config/lib/config.js","s":{"1":1,"2":1,"3":1,"4":1,"5":1,"6":1,"7":6,"8":6,"9":12,"10":1,"11":3,"12":1,"13":1,"14":3,"15":1,"16":3,"17":3,"18":1,"19":2,"20":3,"21":1,"22":3,"23":2,"24":2,"25":1,"26":2,"27":1,"28":2,"29":1,"30":1,"31":2,"32":1,"33":1,"34":11,"35":10,"36":10,"37":10,"38":10,"39":10,"40":10,"41":10,"42":10,"43":10,"44":10,"45":10,"46":8,"47":8,"48":1,"49":11,"50":11,"51":11,"52":11,"53":10,"54":1,"55":1,"56":10,"57":10,"58":10,"59":10,"60":10,"61":0,"62":10,"63":2,"64":10,"65":9,"66":9,"67":9,"68":1,"69":8,"70":2,"71":10,"72":10,"73":1,"74":9,"75":2,"76":2,"77":4,"78":8,"79":11,"80":2,"81":2,"82":1,"83":1,"84":1},"b":{"1":[6,6],"2":[1,2],"3":[1,2],"4":[3,3],"5":[1,2],"6":[1,1],"7":[1,1,1,1,1,1,1],"8":[1,1,1],"9":[11,0],"10":[10,10],"11":[1,7],"12":[0,10],"13":[2,8],"14":[9,1],"15":[1,8],"16":[1,9]},"f":{"1":6,"2":12,"3":1,"4":3,"5":1,"6":3,"7":3,"8":3,"9":2,"10":1,"11":2,"12":2,"13":11,"14":10,"15":11,"16":10,"17":2,"18":10,"19":2,"20":4,"21":8,"22":11,"23":2,"24":2},"fnMap":{"1":{"name":"(anonymous_1)","line":20,"loc":{"start":{"line":20,"column":13},"end":{"line":20,"column":38}}},"2":{"name":"(anonymous_2)","line":29,"loc":{"start":{"line":29,"column":13},"end":{"line":29,"column":15}}},"3":{"name":"(anonymous_3)","line":32,"loc":{"start":{"line":32,"column":5},"end":{"line":32,"column":10}}},"4":{"name":"(anonymous_4)","line":35,"loc":{"start":{"line":35,"column":5},"end":{"line":35,"column":17}}},"5":{"name":"(anonymous_5)","line":38,"loc":{"start":{"line":38,"column":11},"end":{"line":38,"column":13}}},"6":{"name":"(anonymous_6)","line":58,"loc":{"start":{"line":58,"column":21},"end":{"line":58,"column":38}}},"7":{"name":"(anonymous_7)","line":63,"loc":{"start":{"line":63,"column":24},"end":{"line":63,"column":42}}},"8":{"name":"(anonymous_8)","line":68,"loc":{"start":{"line":68,"column":21},"end":{"line":68,"column":30}}},"9":{"name":"(anonymous_9)","line":74,"loc":{"start":{"line":74,"column":23},"end":{"line":74,"column":41}}},"10":{"name":"(anonymous_10)","line":80,"loc":{"start":{"line":80,"column":24},"end":{"line":80,"column":27}}},"11":{"name":"(anonymous_11)","line":87,"loc":{"start":{"line":87,"column":26},"end":{"line":87,"column":29}}},"12":{"name":"(anonymous_12)","line":101,"loc":{"start":{"line":101,"column":16},"end":{"line":101,"column":19}}},"13":{"name":"(anonymous_13)","line":111,"loc":{"start":{"line":111,"column":12},"end":{"line":111,"column":14}}},"14":{"name":"(anonymous_14)","line":117,"loc":{"start":{"line":117,"column":14},"end":{"line":117,"column":37}}},"15":{"name":"(anonymous_15)","line":154,"loc":{"start":{"line":154,"column":11},"end":{"line":154,"column":33}}},"16":{"name":"(anonymous_16)","line":175,"loc":{"start":{"line":175,"column":12},"end":{"line":175,"column":15}}},"17":{"name":"(anonymous_17)","line":186,"loc":{"start":{"line":186,"column":8},"end":{"line":186,"column":14}}},"18":{"name":"(anonymous_18)","line":191,"loc":{"start":{"line":191,"column":6},"end":{"line":191,"column":12}}},"19":{"name":"(anonymous_19)","line":198,"loc":{"start":{"line":198,"column":6},"end":{"line":198,"column":19}}},"20":{"name":"(anonymous_20)","line":204,"loc":{"start":{"line":204,"column":13},"end":{"line":204,"column":16}}},"21":{"name":"(anonymous_21)","line":207,"loc":{"start":{"line":207,"column":13},"end":{"line":207,"column":20}}},"22":{"name":"(anonymous_22)","line":212,"loc":{"start":{"line":212,"column":5},"end":{"line":212,"column":8}}},"23":{"name":"(anonymous_23)","line":216,"loc":{"start":{"line":216,"column":19},"end":{"line":216,"column":22}}},"24":{"name":"(anonymous_24)","line":220,"loc":{"start":{"line":220,"column":9},"end":{"line":220,"column":12}}}},"statementMap":{"1":{"start":{"line":7,"column":0},"end":{"line":7,"column":45}},"2":{"start":{"line":8,"column":0},"end":{"line":8,"column":34}},"3":{"start":{"line":9,"column":0},"end":{"line":9,"column":24}},"4":{"start":{"line":10,"column":0},"end":{"line":10,"column":28}},"5":{"start":{"line":11,"column":0},"end":{"line":11,"column":31}},"6":{"start":{"line":12,"column":0},"end":{"line":12,"column":63}},"7":{"start":{"line":21,"column":4},"end":{"line":21,"column":27}},"8":{"start":{"line":22,"column":4},"end":{"line":22,"column":39}},"9":{"start":{"line":30,"column":4},"end":{"line":30,"column":20}},"10":{"start":{"line":33,"column":4},"end":{"line":33,"column":32}},"11":{"start":{"line":36,"column":4},"end":{"line":36,"column":39}},"12":{"start":{"line":39,"column":4},"end":{"line":39,"column":22}},"13":{"start":{"line":48,"column":0},"end":{"line":224,"column":1}},"14":{"start":{"line":59,"column":4},"end":{"line":59,"column":49}},"15":{"start":{"line":59,"column":29},"end":{"line":59,"column":49}},"16":{"start":{"line":60,"column":4},"end":{"line":60,"column":58}},"17":{"start":{"line":64,"column":4},"end":{"line":64,"column":108}},"18":{"start":{"line":64,"column":52},"end":{"line":64,"column":108}},"19":{"start":{"line":65,"column":4},"end":{"line":65,"column":44}},"20":{"start":{"line":69,"column":4},"end":{"line":69,"column":49}},"21":{"start":{"line":69,"column":29},"end":{"line":69,"column":49}},"22":{"start":{"line":70,"column":4},"end":{"line":70,"column":32}},"23":{"start":{"line":75,"column":4},"end":{"line":75,"column":41}},"24":{"start":{"line":76,"column":4},"end":{"line":76,"column":69}},"25":{"start":{"line":76,"column":22},"end":{"line":76,"column":69}},"26":{"start":{"line":77,"column":4},"end":{"line":77,"column":19}},"27":{"start":{"line":81,"column":4},"end":{"line":81,"column":31}},"28":{"start":{"line":88,"column":4},"end":{"line":98,"column":5}},"29":{"start":{"line":93,"column":8},"end":{"line":93,"column":19}},"30":{"start":{"line":97,"column":8},"end":{"line":97,"column":20}},"31":{"start":{"line":102,"column":4},"end":{"line":108,"column":5}},"32":{"start":{"line":105,"column":8},"end":{"line":105,"column":19}},"33":{"start":{"line":107,"column":8},"end":{"line":107,"column":20}},"34":{"start":{"line":112,"column":4},"end":{"line":112,"column":47}},"35":{"start":{"line":119,"column":4},"end":{"line":119,"column":66}},"36":{"start":{"line":120,"column":4},"end":{"line":120,"column":20}},"37":{"start":{"line":121,"column":4},"end":{"line":121,"column":63}},"38":{"start":{"line":124,"column":4},"end":{"line":124,"column":53}},"39":{"start":{"line":127,"column":4},"end":{"line":127,"column":60}},"40":{"start":{"line":132,"column":4},"end":{"line":132,"column":100}},"41":{"start":{"line":135,"column":4},"end":{"line":135,"column":23}},"42":{"start":{"line":138,"column":4},"end":{"line":138,"column":36}},"43":{"start":{"line":141,"column":4},"end":{"line":141,"column":38}},"44":{"start":{"line":144,"column":4},"end":{"line":144,"column":43}},"45":{"start":{"line":146,"column":4},"end":{"line":146,"column":20}},"46":{"start":{"line":148,"column":4},"end":{"line":148,"column":28}},"47":{"start":{"line":150,"column":4},"end":{"line":150,"column":61}},"48":{"start":{"line":150,"column":25},"end":{"line":150,"column":61}},"49":{"start":{"line":155,"column":4},"end":{"line":155,"column":50}},"50":{"start":{"line":156,"column":4},"end":{"line":156,"column":19}},"51":{"start":{"line":161,"column":6},"end":{"line":168,"column":7}},"52":{"start":{"line":162,"column":8},"end":{"line":162,"column":64}},"53":{"start":{"line":163,"column":8},"end":{"line":163,"column":54}},"54":{"start":{"line":166,"column":8},"end":{"line":166,"column":30}},"55":{"start":{"line":167,"column":8},"end":{"line":167,"column":65}},"56":{"start":{"line":170,"column":4},"end":{"line":170,"column":57}},"57":{"start":{"line":171,"column":4},"end":{"line":171,"column":22}},"58":{"start":{"line":172,"column":4},"end":{"line":172,"column":17}},"59":{"start":{"line":176,"column":4},"end":{"line":176,"column":19}},"60":{"start":{"line":178,"column":4},"end":{"line":178,"column":127}},"61":{"start":{"line":178,"column":63},"end":{"line":178,"column":127}},"62":{"start":{"line":179,"column":4},"end":{"line":179,"column":128}},"63":{"start":{"line":179,"column":63},"end":{"line":179,"column":128}},"64":{"start":{"line":180,"column":4},"end":{"line":180,"column":123}},"65":{"start":{"line":180,"column":63},"end":{"line":180,"column":123}},"66":{"start":{"line":181,"column":4},"end":{"line":181,"column":71}},"67":{"start":{"line":182,"column":4},"end":{"line":182,"column":88}},"68":{"start":{"line":182,"column":25},"end":{"line":182,"column":88}},"69":{"start":{"line":183,"column":4},"end":{"line":183,"column":24}},"70":{"start":{"line":187,"column":4},"end":{"line":187,"column":32}},"71":{"start":{"line":192,"column":4},"end":{"line":192,"column":44}},"72":{"start":{"line":193,"column":4},"end":{"line":193,"column":110}},"73":{"start":{"line":193,"column":37},"end":{"line":193,"column":110}},"74":{"start":{"line":194,"column":4},"end":{"line":194,"column":33}},"75":{"start":{"line":199,"column":4},"end":{"line":199,"column":51}},"76":{"start":{"line":200,"column":4},"end":{"line":200,"column":40}},"77":{"start":{"line":205,"column":4},"end":{"line":205,"column":23}},"78":{"start":{"line":209,"column":4},"end":{"line":209,"column":23}},"79":{"start":{"line":213,"column":4},"end":{"line":213,"column":33}},"80":{"start":{"line":217,"column":4},"end":{"line":217,"column":47}},"81":{"start":{"line":221,"column":4},"end":{"line":221,"column":37}},"82":{"start":{"line":226,"column":0},"end":{"line":226,"column":28}},"83":{"start":{"line":227,"column":0},"end":{"line":227,"column":40}},"84":{"start":{"line":228,"column":0},"end":{"line":228,"column":46}}},"branchMap":{"1":{"line":22,"type":"binary-expr","locations":[{"start":{"line":22,"column":18},"end":{"line":22,"column":32}},{"start":{"line":22,"column":36},"end":{"line":22,"column":39}}]},"2":{"line":59,"type":"if","locations":[{"start":{"line":59,"column":4},"end":{"line":59,"column":4}},{"start":{"line":59,"column":4},"end":{"line":59,"column":4}}]},"3":{"line":64,"type":"if","locations":[{"start":{"line":64,"column":4},"end":{"line":64,"column":4}},{"start":{"line":64,"column":4},"end":{"line":64,"column":4}}]},"4":{"line":64,"type":"binary-expr","locations":[{"start":{"line":64,"column":9},"end":{"line":64,"column":24}},{"start":{"line":64,"column":28},"end":{"line":64,"column":49}}]},"5":{"line":69,"type":"if","locations":[{"start":{"line":69,"column":4},"end":{"line":69,"column":4}},{"start":{"line":69,"column":4},"end":{"line":69,"column":4}}]},"6":{"line":76,"type":"if","locations":[{"start":{"line":76,"column":4},"end":{"line":76,"column":4}},{"start":{"line":76,"column":4},"end":{"line":76,"column":4}}]},"7":{"line":88,"type":"switch","locations":[{"start":{"line":89,"column":6},"end":{"line":89,"column":24}},{"start":{"line":90,"column":6},"end":{"line":90,"column":21}},{"start":{"line":91,"column":6},"end":{"line":91,"column":18}},{"start":{"line":92,"column":6},"end":{"line":93,"column":19}},{"start":{"line":94,"column":6},"end":{"line":94,"column":25}},{"start":{"line":95,"column":6},"end":{"line":95,"column":18}},{"start":{"line":96,"column":6},"end":{"line":97,"column":20}}]},"8":{"line":102,"type":"switch","locations":[{"start":{"line":103,"column":6},"end":{"line":103,"column":18}},{"start":{"line":104,"column":6},"end":{"line":105,"column":19}},{"start":{"line":106,"column":6},"end":{"line":107,"column":20}}]},"9":{"line":112,"type":"binary-expr","locations":[{"start":{"line":112,"column":11},"end":{"line":112,"column":31}},{"start":{"line":112,"column":35},"end":{"line":112,"column":47}}]},"10":{"line":144,"type":"binary-expr","locations":[{"start":{"line":144,"column":18},"end":{"line":144,"column":32}},{"start":{"line":144,"column":36},"end":{"line":144,"column":43}}]},"11":{"line":150,"type":"if","locations":[{"start":{"line":150,"column":4},"end":{"line":150,"column":4}},{"start":{"line":150,"column":4},"end":{"line":150,"column":4}}]},"12":{"line":178,"type":"if","locations":[{"start":{"line":178,"column":4},"end":{"line":178,"column":4}},{"start":{"line":178,"column":4},"end":{"line":178,"column":4}}]},"13":{"line":179,"type":"if","locations":[{"start":{"line":179,"column":4},"end":{"line":179,"column":4}},{"start":{"line":179,"column":4},"end":{"line":179,"column":4}}]},"14":{"line":180,"type":"if","locations":[{"start":{"line":180,"column":4},"end":{"line":180,"column":4}},{"start":{"line":180,"column":4},"end":{"line":180,"column":4}}]},"15":{"line":182,"type":"if","locations":[{"start":{"line":182,"column":4},"end":{"line":182,"column":4}},{"start":{"line":182,"column":4},"end":{"line":182,"column":4}}]},"16":{"line":193,"type":"if","locations":[{"start":{"line":193,"column":4},"end":{"line":193,"column":4}},{"start":{"line":193,"column":4},"end":{"line":193,"column":4}}]}}},"/Users/matt/clones/deployable/node-deployable-config/lib/index.js":{"path":"/Users/matt/clones/deployable/node-deployable-config/lib/index.js","s":{"1":1,"2":1},"b":{},"f":{},"fnMap":{},"statementMap":{"1":{"start":{"line":3,"column":0},"end":{"line":3,"column":35}},"2":{"start":{"line":5,"column":0},"end":{"line":10,"column":1}}},"branchMap":{}}}