{"/Users/matt/clones/deployable/node-deployable-config/lib/config.js":{"path":"/Users/matt/clones/deployable/node-deployable-config/lib/config.js","s":{"1":1,"2":1,"3":1,"4":1,"5":1,"6":1,"7":4,"8":4,"9":1,"10":1,"11":0,"12":1,"13":0,"14":1,"15":3,"16":1,"17":3,"18":3,"19":1,"20":2,"21":2,"22":0,"23":2,"24":2,"25":2,"26":1,"27":2,"28":0,"29":0,"30":0,"31":0,"32":0,"33":0,"34":4,"35":4,"36":4,"37":4,"38":4,"39":4,"40":4,"41":4,"42":4,"43":4,"44":4,"45":4,"46":0,"47":4,"48":4,"49":4,"50":0,"51":0,"52":4,"53":4,"54":0,"55":0,"56":0,"57":0,"58":0,"59":4,"60":0,"61":0,"62":1},"b":{"1":[4,4],"2":[0,1],"3":[0,1],"4":[1,2],"5":[1,2],"6":[3,3],"7":[0,2],"8":[1,1],"9":[0,0,0,0,0,0,0],"10":[0,0,0],"11":[4,4,0],"12":[4,4],"13":[4,0],"14":[4,4]},"f":{"1":4,"2":1,"3":3,"4":3,"5":2,"6":2,"7":0,"8":0,"9":4,"10":4,"11":0,"12":0,"13":0,"14":4,"15":0,"16":0},"fnMap":{"1":{"name":"(anonymous_1)","line":19,"loc":{"start":{"line":19,"column":13},"end":{"line":19,"column":38}}},"2":{"name":"(anonymous_2)","line":37,"loc":{"start":{"line":37,"column":23},"end":{"line":37,"column":26}}},"3":{"name":"(anonymous_3)","line":43,"loc":{"start":{"line":43,"column":21},"end":{"line":43,"column":38}}},"4":{"name":"(anonymous_4)","line":48,"loc":{"start":{"line":48,"column":24},"end":{"line":48,"column":42}}},"5":{"name":"(anonymous_5)","line":53,"loc":{"start":{"line":53,"column":21},"end":{"line":53,"column":30}}},"6":{"name":"(anonymous_6)","line":59,"loc":{"start":{"line":59,"column":23},"end":{"line":59,"column":41}}},"7":{"name":"(anonymous_7)","line":66,"loc":{"start":{"line":66,"column":26},"end":{"line":66,"column":29}}},"8":{"name":"(anonymous_8)","line":80,"loc":{"start":{"line":80,"column":16},"end":{"line":80,"column":19}}},"9":{"name":"(anonymous_9)","line":92,"loc":{"start":{"line":92,"column":14},"end":{"line":92,"column":31}}},"10":{"name":"(anonymous_10)","line":121,"loc":{"start":{"line":121,"column":11},"end":{"line":121,"column":14}}},"11":{"name":"(anonymous_11)","line":142,"loc":{"start":{"line":142,"column":6},"end":{"line":142,"column":12}}},"12":{"name":"(anonymous_12)","line":148,"loc":{"start":{"line":148,"column":6},"end":{"line":148,"column":19}}},"13":{"name":"(anonymous_13)","line":154,"loc":{"start":{"line":154,"column":13},"end":{"line":154,"column":16}}},"14":{"name":"(anonymous_14)","line":157,"loc":{"start":{"line":157,"column":13},"end":{"line":157,"column":20}}},"15":{"name":"(anonymous_15)","line":162,"loc":{"start":{"line":162,"column":19},"end":{"line":162,"column":22}}},"16":{"name":"(anonymous_16)","line":166,"loc":{"start":{"line":166,"column":9},"end":{"line":166,"column":12}}}},"statementMap":{"1":{"start":{"line":7,"column":0},"end":{"line":7,"column":46}},"2":{"start":{"line":8,"column":0},"end":{"line":8,"column":34}},"3":{"start":{"line":9,"column":0},"end":{"line":9,"column":24}},"4":{"start":{"line":10,"column":0},"end":{"line":10,"column":28}},"5":{"start":{"line":11,"column":0},"end":{"line":11,"column":31}},"6":{"start":{"line":12,"column":0},"end":{"line":12,"column":27}},"7":{"start":{"line":20,"column":4},"end":{"line":20,"column":27}},"8":{"start":{"line":21,"column":4},"end":{"line":21,"column":39}},"9":{"start":{"line":33,"column":0},"end":{"line":170,"column":1}},"10":{"start":{"line":38,"column":4},"end":{"line":38,"column":49}},"11":{"start":{"line":38,"column":29},"end":{"line":38,"column":49}},"12":{"start":{"line":39,"column":4},"end":{"line":39,"column":73}},"13":{"start":{"line":39,"column":37},"end":{"line":39,"column":73}},"14":{"start":{"line":40,"column":4},"end":{"line":40,"column":34}},"15":{"start":{"line":44,"column":4},"end":{"line":44,"column":49}},"16":{"start":{"line":44,"column":29},"end":{"line":44,"column":49}},"17":{"start":{"line":45,"column":4},"end":{"line":45,"column":52}},"18":{"start":{"line":49,"column":4},"end":{"line":49,"column":108}},"19":{"start":{"line":49,"column":52},"end":{"line":49,"column":108}},"20":{"start":{"line":50,"column":4},"end":{"line":50,"column":44}},"21":{"start":{"line":54,"column":4},"end":{"line":54,"column":49}},"22":{"start":{"line":54,"column":29},"end":{"line":54,"column":49}},"23":{"start":{"line":55,"column":4},"end":{"line":55,"column":32}},"24":{"start":{"line":60,"column":4},"end":{"line":60,"column":41}},"25":{"start":{"line":61,"column":4},"end":{"line":61,"column":69}},"26":{"start":{"line":61,"column":22},"end":{"line":61,"column":69}},"27":{"start":{"line":62,"column":4},"end":{"line":62,"column":19}},"28":{"start":{"line":67,"column":4},"end":{"line":77,"column":5}},"29":{"start":{"line":72,"column":8},"end":{"line":72,"column":19}},"30":{"start":{"line":76,"column":8},"end":{"line":76,"column":20}},"31":{"start":{"line":81,"column":4},"end":{"line":87,"column":5}},"32":{"start":{"line":84,"column":8},"end":{"line":84,"column":19}},"33":{"start":{"line":86,"column":8},"end":{"line":86,"column":20}},"34":{"start":{"line":94,"column":4},"end":{"line":94,"column":55}},"35":{"start":{"line":97,"column":4},"end":{"line":97,"column":71}},"36":{"start":{"line":100,"column":4},"end":{"line":100,"column":51}},"37":{"start":{"line":105,"column":4},"end":{"line":105,"column":90}},"38":{"start":{"line":108,"column":4},"end":{"line":108,"column":36}},"39":{"start":{"line":111,"column":4},"end":{"line":111,"column":38}},"40":{"start":{"line":114,"column":4},"end":{"line":114,"column":43}},"41":{"start":{"line":116,"column":4},"end":{"line":116,"column":19}},"42":{"start":{"line":122,"column":4},"end":{"line":122,"column":53}},"43":{"start":{"line":123,"column":4},"end":{"line":123,"column":19}},"44":{"start":{"line":124,"column":4},"end":{"line":136,"column":5}},"45":{"start":{"line":125,"column":6},"end":{"line":125,"column":35}},"46":{"start":{"line":126,"column":6},"end":{"line":126,"column":48}},"47":{"start":{"line":128,"column":6},"end":{"line":135,"column":7}},"48":{"start":{"line":129,"column":8},"end":{"line":129,"column":64}},"49":{"start":{"line":130,"column":8},"end":{"line":130,"column":48}},"50":{"start":{"line":133,"column":8},"end":{"line":133,"column":30}},"51":{"start":{"line":134,"column":8},"end":{"line":134,"column":65}},"52":{"start":{"line":137,"column":4},"end":{"line":137,"column":43}},"53":{"start":{"line":138,"column":4},"end":{"line":138,"column":31}},"54":{"start":{"line":143,"column":4},"end":{"line":143,"column":39}},"55":{"start":{"line":144,"column":4},"end":{"line":144,"column":35}},"56":{"start":{"line":149,"column":4},"end":{"line":149,"column":46}},"57":{"start":{"line":150,"column":4},"end":{"line":150,"column":35}},"58":{"start":{"line":155,"column":4},"end":{"line":155,"column":23}},"59":{"start":{"line":159,"column":4},"end":{"line":159,"column":23}},"60":{"start":{"line":163,"column":4},"end":{"line":163,"column":40}},"61":{"start":{"line":167,"column":4},"end":{"line":167,"column":30}},"62":{"start":{"line":172,"column":0},"end":{"line":172,"column":40}}},"branchMap":{"1":{"line":21,"type":"binary-expr","locations":[{"start":{"line":21,"column":18},"end":{"line":21,"column":32}},{"start":{"line":21,"column":36},"end":{"line":21,"column":39}}]},"2":{"line":38,"type":"if","locations":[{"start":{"line":38,"column":4},"end":{"line":38,"column":4}},{"start":{"line":38,"column":4},"end":{"line":38,"column":4}}]},"3":{"line":39,"type":"if","locations":[{"start":{"line":39,"column":4},"end":{"line":39,"column":4}},{"start":{"line":39,"column":4},"end":{"line":39,"column":4}}]},"4":{"line":44,"type":"if","locations":[{"start":{"line":44,"column":4},"end":{"line":44,"column":4}},{"start":{"line":44,"column":4},"end":{"line":44,"column":4}}]},"5":{"line":49,"type":"if","locations":[{"start":{"line":49,"column":4},"end":{"line":49,"column":4}},{"start":{"line":49,"column":4},"end":{"line":49,"column":4}}]},"6":{"line":49,"type":"binary-expr","locations":[{"start":{"line":49,"column":9},"end":{"line":49,"column":24}},{"start":{"line":49,"column":28},"end":{"line":49,"column":49}}]},"7":{"line":54,"type":"if","locations":[{"start":{"line":54,"column":4},"end":{"line":54,"column":4}},{"start":{"line":54,"column":4},"end":{"line":54,"column":4}}]},"8":{"line":61,"type":"if","locations":[{"start":{"line":61,"column":4},"end":{"line":61,"column":4}},{"start":{"line":61,"column":4},"end":{"line":61,"column":4}}]},"9":{"line":67,"type":"switch","locations":[{"start":{"line":68,"column":6},"end":{"line":68,"column":24}},{"start":{"line":69,"column":6},"end":{"line":69,"column":21}},{"start":{"line":70,"column":6},"end":{"line":70,"column":18}},{"start":{"line":71,"column":6},"end":{"line":72,"column":19}},{"start":{"line":73,"column":6},"end":{"line":73,"column":25}},{"start":{"line":74,"column":6},"end":{"line":74,"column":18}},{"start":{"line":75,"column":6},"end":{"line":76,"column":20}}]},"10":{"line":81,"type":"switch","locations":[{"start":{"line":82,"column":6},"end":{"line":82,"column":18}},{"start":{"line":83,"column":6},"end":{"line":84,"column":19}},{"start":{"line":85,"column":6},"end":{"line":86,"column":20}}]},"11":{"line":97,"type":"binary-expr","locations":[{"start":{"line":97,"column":17},"end":{"line":97,"column":30}},{"start":{"line":97,"column":34},"end":{"line":97,"column":54}},{"start":{"line":97,"column":59},"end":{"line":97,"column":71}}]},"12":{"line":100,"type":"binary-expr","locations":[{"start":{"line":100,"column":16},"end":{"line":100,"column":28}},{"start":{"line":100,"column":32},"end":{"line":100,"column":51}}]},"13":{"line":105,"type":"binary-expr","locations":[{"start":{"line":105,"column":16},"end":{"line":105,"column":28}},{"start":{"line":105,"column":32},"end":{"line":105,"column":90}}]},"14":{"line":114,"type":"binary-expr","locations":[{"start":{"line":114,"column":18},"end":{"line":114,"column":32}},{"start":{"line":114,"column":36},"end":{"line":114,"column":43}}]}}},"/Users/matt/clones/deployable/node-deployable-config/lib/index.js":{"path":"/Users/matt/clones/deployable/node-deployable-config/lib/index.js","s":{"1":1,"2":1},"b":{},"f":{},"fnMap":{},"statementMap":{"1":{"start":{"line":3,"column":0},"end":{"line":3,"column":33}},"2":{"start":{"line":5,"column":0},"end":{"line":7,"column":1}}},"branchMap":{}}}