TN:
SF:/Users/matt/clones/deployable/node-deployable-config/lib/config.js
FN:20,(anonymous_1)
FN:44,(anonymous_2)
FN:49,(anonymous_3)
FN:54,(anonymous_4)
FN:60,(anonymous_5)
FN:66,(anonymous_6)
FN:73,(anonymous_7)
FN:87,(anonymous_8)
FN:97,(anonymous_9)
FN:103,(anonymous_10)
FN:132,(anonymous_11)
FN:152,(anonymous_12)
FN:157,(anonymous_13)
FN:164,(anonymous_14)
FN:170,(anonymous_15)
FN:173,(anonymous_16)
FN:178,(anonymous_17)
FN:182,(anonymous_18)
FN:186,(anonymous_19)
FNF:19
FNH:19
FNDA:5,(anonymous_1)
FNDA:3,(anonymous_2)
FNDA:3,(anonymous_3)
FNDA:3,(anonymous_4)
FNDA:2,(anonymous_5)
FNDA:1,(anonymous_6)
FNDA:2,(anonymous_7)
FNDA:2,(anonymous_8)
FNDA:6,(anonymous_9)
FNDA:5,(anonymous_10)
FNDA:5,(anonymous_11)
FNDA:2,(anonymous_12)
FNDA:5,(anonymous_13)
FNDA:1,(anonymous_14)
FNDA:4,(anonymous_15)
FNDA:4,(anonymous_16)
FNDA:6,(anonymous_17)
FNDA:2,(anonymous_18)
FNDA:2,(anonymous_19)
DA:7,1
DA:8,1
DA:9,1
DA:10,1
DA:11,1
DA:12,1
DA:21,5
DA:22,5
DA:34,1
DA:45,3
DA:46,3
DA:50,3
DA:51,2
DA:55,3
DA:56,3
DA:61,2
DA:62,2
DA:63,2
DA:67,1
DA:74,2
DA:79,1
DA:83,1
DA:88,2
DA:91,1
DA:93,1
DA:98,6
DA:105,5
DA:108,5
DA:111,5
DA:116,5
DA:119,5
DA:122,5
DA:125,5
DA:127,5
DA:133,5
DA:134,5
DA:135,5
DA:136,5
DA:137,0
DA:139,5
DA:140,5
DA:141,4
DA:144,1
DA:145,1
DA:148,4
DA:149,4
DA:153,2
DA:158,5
DA:159,5
DA:160,4
DA:165,1
DA:166,1
DA:171,4
DA:175,4
DA:179,6
DA:183,2
DA:187,2
DA:192,1
DA:193,1
LF:59
LH:58
BRDA:22,1,0,5
BRDA:22,1,1,5
BRDA:45,2,0,1
BRDA:45,2,1,2
BRDA:50,3,0,1
BRDA:50,3,1,2
BRDA:50,4,0,3
BRDA:50,4,1,3
BRDA:55,5,0,1
BRDA:55,5,1,2
BRDA:62,6,0,1
BRDA:62,6,1,1
BRDA:74,7,0,1
BRDA:74,7,1,1
BRDA:74,7,2,1
BRDA:74,7,3,1
BRDA:74,7,4,1
BRDA:74,7,5,1
BRDA:74,7,6,1
BRDA:88,8,0,1
BRDA:88,8,1,1
BRDA:88,8,2,1
BRDA:98,9,0,6
BRDA:98,9,1,0
BRDA:125,10,0,5
BRDA:125,10,1,5
BRDA:159,11,0,1
BRDA:159,11,1,4
BRF:28
BRH:27
end_of_record
TN:
SF:/Users/matt/clones/deployable/node-deployable-config/lib/index.js
FNF:0
FNH:0
DA:3,1
DA:5,1
LF:2
LH:2
BRF:0
BRH:0
end_of_record
