TN:
SF:/Users/matt/clones/deployable/node-deployable-config/lib/config.js
FN:20,(anonymous_1)
FN:29,(anonymous_2)
FN:32,(anonymous_3)
FN:35,(anonymous_4)
FN:38,(anonymous_5)
FN:58,(anonymous_6)
FN:63,(anonymous_7)
FN:68,(anonymous_8)
FN:74,(anonymous_9)
FN:80,(anonymous_10)
FN:87,(anonymous_11)
FN:101,(anonymous_12)
FN:111,(anonymous_13)
FN:117,(anonymous_14)
FN:154,(anonymous_15)
FN:175,(anonymous_16)
FN:186,(anonymous_17)
FN:191,(anonymous_18)
FN:198,(anonymous_19)
FN:204,(anonymous_20)
FN:207,(anonymous_21)
FN:212,(anonymous_22)
FN:216,(anonymous_23)
FN:220,(anonymous_24)
FNF:24
FNH:21
FNDA:6,(anonymous_1)
FNDA:8,(anonymous_2)
FNDA:0,(anonymous_3)
FNDA:0,(anonymous_4)
FNDA:0,(anonymous_5)
FNDA:3,(anonymous_6)
FNDA:3,(anonymous_7)
FNDA:3,(anonymous_8)
FNDA:2,(anonymous_9)
FNDA:1,(anonymous_10)
FNDA:2,(anonymous_11)
FNDA:2,(anonymous_12)
FNDA:11,(anonymous_13)
FNDA:10,(anonymous_14)
FNDA:11,(anonymous_15)
FNDA:10,(anonymous_16)
FNDA:2,(anonymous_17)
FNDA:10,(anonymous_18)
FNDA:2,(anonymous_19)
FNDA:4,(anonymous_20)
FNDA:8,(anonymous_21)
FNDA:11,(anonymous_22)
FNDA:2,(anonymous_23)
FNDA:2,(anonymous_24)
DA:7,1
DA:8,1
DA:9,1
DA:10,1
DA:11,1
DA:12,1
DA:21,6
DA:22,6
DA:30,8
DA:33,0
DA:36,0
DA:39,0
DA:48,1
DA:59,3
DA:60,3
DA:64,3
DA:65,2
DA:69,3
DA:70,3
DA:75,2
DA:76,2
DA:77,2
DA:81,1
DA:88,2
DA:93,1
DA:97,1
DA:102,2
DA:105,1
DA:107,1
DA:112,11
DA:119,10
DA:120,10
DA:121,10
DA:124,10
DA:127,10
DA:132,10
DA:135,10
DA:138,10
DA:141,10
DA:144,10
DA:146,10
DA:148,8
DA:150,8
DA:155,11
DA:156,11
DA:161,11
DA:162,11
DA:163,10
DA:166,1
DA:167,1
DA:170,10
DA:171,10
DA:172,10
DA:176,10
DA:178,10
DA:179,10
DA:180,10
DA:181,9
DA:182,9
DA:183,8
DA:187,2
DA:192,10
DA:193,10
DA:194,9
DA:199,2
DA:200,2
DA:205,4
DA:209,8
DA:213,11
DA:217,2
DA:221,2
DA:226,1
DA:227,1
LF:73
LH:70
BRDA:22,1,0,6
BRDA:22,1,1,6
BRDA:59,2,0,1
BRDA:59,2,1,2
BRDA:64,3,0,1
BRDA:64,3,1,2
BRDA:64,4,0,3
BRDA:64,4,1,3
BRDA:69,5,0,1
BRDA:69,5,1,2
BRDA:76,6,0,1
BRDA:76,6,1,1
BRDA:88,7,0,1
BRDA:88,7,1,1
BRDA:88,7,2,1
BRDA:88,7,3,1
BRDA:88,7,4,1
BRDA:88,7,5,1
BRDA:88,7,6,1
BRDA:102,8,0,1
BRDA:102,8,1,1
BRDA:102,8,2,1
BRDA:112,9,0,11
BRDA:112,9,1,0
BRDA:144,10,0,10
BRDA:144,10,1,10
BRDA:150,11,0,1
BRDA:150,11,1,7
BRDA:178,12,0,0
BRDA:178,12,1,10
BRDA:179,13,0,2
BRDA:179,13,1,8
BRDA:180,14,0,9
BRDA:180,14,1,1
BRDA:182,15,0,1
BRDA:182,15,1,8
BRDA:193,16,0,1
BRDA:193,16,1,9
BRF:38
BRH:36
end_of_record
TN:
SF:/Users/matt/clones/deployable/node-deployable-config/lib/index.js
FNF:0
FNH:0
DA:3,1
DA:5,1
LF:2
LH:2
BRF:0
BRH:0
end_of_record
